[INFO ]  
############################
Running pythonocc-generator.
############################
git revision : e9897a1

operating system : Darwin 64bit 16.7.0

occt version targeted : 7.4.0

date : 2020-03-12 20:45:04.309304
############################

[INFO ]  Single process mode
[INFO ]  Processing toolkit TKBO ===
[INFO ]  ## Processing module BOPAlgo
[INFO ]  Wrap classes :
[INFO ]  BOPAlgo_CheckResult
[INFO ]  BOPAlgo_Options
[INFO ]  BOPAlgo_SectionAttribute
[INFO ]  BOPAlgo_Tools
[INFO ]  BOPAlgo_WireEdgeSet
[INFO ]  BOPAlgo_Algo
[INFO ]  Class BOPAlgo_Algo is abstract, using %nodefaultctor directive.
[INFO ]  BOPAlgo_MakeConnected
[INFO ]  BOPAlgo_MakePeriodic
[INFO ]  Wrap nested class BOPAlgo_MakePeriodic::PeriodicityParams
[INFO ]  BOPAlgo_ArgumentAnalyzer
[WARNI]  Creating Get and Set methods for method ArgumentTypeMode
[WARNI]  Creating Get and Set methods for method ContinuityMode
[WARNI]  Creating Get and Set methods for method CurveOnSurfaceMode
[WARNI]  Creating Get and Set methods for method MergeEdgeMode
[WARNI]  Creating Get and Set methods for method MergeVertexMode
[WARNI]  Creating Get and Set methods for method RebuildFaceMode
[WARNI]  Creating Get and Set methods for method SelfInterMode
[WARNI]  Creating Get and Set methods for method SmallEdgeMode
[WARNI]  Creating Get and Set methods for method StopOnFirstFaulty
[WARNI]  Creating Get and Set methods for method TangentMode
[INFO ]  BOPAlgo_BuilderArea
[INFO ]  Class BOPAlgo_BuilderArea is abstract, using %nodefaultctor directive.
[INFO ]  BOPAlgo_BuilderShape
[INFO ]  BOPAlgo_PaveFiller
[INFO ]  BOPAlgo_ShellSplitter
[INFO ]  BOPAlgo_WireSplitter
[INFO ]  BOPAlgo_Builder
[INFO ]  BOPAlgo_BuilderFace
[INFO ]  BOPAlgo_BuilderSolid
[INFO ]  BOPAlgo_CheckerSI
[INFO ]  BOPAlgo_RemoveFeatures
[INFO ]  BOPAlgo_CellsBuilder
[INFO ]  BOPAlgo_MakerVolume
[INFO ]  BOPAlgo_Section
[INFO ]  BOPAlgo_ToolsProvider
[INFO ]  BOPAlgo_BOP
[INFO ]  BOPAlgo_Splitter
[INFO ]  ## Processing module BOPDS
[INFO ]  Wrap classes :
[INFO ]  BOPDS_CommonBlock
[INFO ]  BOPDS_CoupleOfPaveBlocks
[INFO ]  BOPDS_Curve
[INFO ]  BOPDS_DS
[INFO ]  BOPDS_FaceInfo
[INFO ]  BOPDS_IndexRange
[INFO ]  BOPDS_Iterator
[INFO ]  BOPDS_Pair
[INFO ]  BOPDS_PairMapHasher
[INFO ]  BOPDS_Pave
[INFO ]  BOPDS_PaveBlock
[INFO ]  BOPDS_PaveMapHasher
[INFO ]  BOPDS_Point
[INFO ]  BOPDS_ShapeInfo
[INFO ]  BOPDS_SubIterator
[INFO ]  BOPDS_Tools
[INFO ]  BOPDS_InterfEE
[INFO ]  BOPDS_InterfEF
[INFO ]  BOPDS_InterfEZ
[INFO ]  BOPDS_InterfFF
[INFO ]  BOPDS_InterfFZ
[INFO ]  BOPDS_InterfVE
[INFO ]  BOPDS_InterfVF
[INFO ]  BOPDS_InterfVV
[INFO ]  BOPDS_InterfVZ
[INFO ]  BOPDS_InterfZZ
[INFO ]  BOPDS_IteratorSI
